<?xml version="1.0" encoding="UTF-8"?>
<testsuite name="com.security.micro1.ApplicationTests" tests="1" skipped="0" failures="0" errors="0" timestamp="2022-12-05T21:12:45" hostname="Camus" time="0.124">
  <properties/>
  <testcase name="contextLoads()" classname="com.security.micro1.ApplicationTests" time="0.124"/>
  <system-out><![CDATA[
  .   ____          _            __ _ _
 /\\ / ___'_ __ _ _(_)_ __  __ _ \ \ \ \
( ( )\___ | '_ | '_| | '_ \/ _` | \ \ \ \
 \\/  ___)| |_)| | | | | || (_| |  ) ) ) )
  '  |____| .__|_| |_|_| |_\__, | / / / /
 =========|_|==============|___/=/_/_/_/
 :: Spring Boot ::       (v2.7.7-SNAPSHOT)

]]></system-out>
  <system-err><![CDATA[log4j:WARN No appenders could be found for logger (org.springframework.test.context.BootstrapUtils).
log4j:WARN Please initialize the log4j system properly.
log4j:WARN See http://logging.apache.org/log4j/1.2/faq.html#noconfig for more info.
]]></system-err>
</testsuite>
